Watching for file changes with StatReloader
[18/Jan/2026 05:34:26] "GET /api/health HTTP/1.1" 200 68
[18/Jan/2026 05:35:11] "GET /api/validate-ticker/KO HTTP/1.1" 200 104
[18/Jan/2026 05:35:42] "OPTIONS /api/portfolios HTTP/1.1" 200 0
Unauthorized: /api/portfolios
[18/Jan/2026 05:35:42] "POST /api/portfolios HTTP/1.1" 401 26
[18/Jan/2026 05:38:24] "GET /api/validate-ticker/AAPL HTTP/1.1" 200 93
[18/Jan/2026 05:39:03] "POST /api/portfolios HTTP/1.1" 200 98
[18/Jan/2026 05:39:54] "GET /api/portfolios HTTP/1.1" 200 200
[18/Jan/2026 05:40:07] "OPTIONS /api/portfolios/3 HTTP/1.1" 200 0
[18/Jan/2026 05:40:07] "GET /api/portfolios/3 HTTP/1.1" 200 174
[18/Jan/2026 05:41:54] "GET /api/validate-ticker/AAPL HTTP/1.1" 200 93
[18/Jan/2026 05:42:17] "PUT /api/portfolios/3 HTTP/1.1" 200 98
[18/Jan/2026 05:42:34] "GET /api/portfolios HTTP/1.1" 200 200
[18/Jan/2026 05:42:44] "GET /api/portfolios/3 HTTP/1.1" 200 174
[18/Jan/2026 05:46:21] "GET /api/portfolios HTTP/1.1" 200 200
[18/Jan/2026 05:46:41] "GET /api/portfolios HTTP/1.1" 200 200
[18/Jan/2026 05:46:43] "GET /api/portfolios/3 HTTP/1.1" 200 174
[18/Jan/2026 05:46:46] "GET /api/portfolios HTTP/1.1" 200 200
[18/Jan/2026 05:46:55] "GET /api/portfolios HTTP/1.1" 200 200
[18/Jan/2026 05:48:55] "GET /api/portfolios HTTP/1.1" 200 200
[18/Jan/2026 05:49:36] "POST /api/portfolios HTTP/1.1" 200 91
[18/Jan/2026 05:49:44] "GET /api/portfolios HTTP/1.1" 200 293
[18/Jan/2026 05:50:42] "OPTIONS /api/portfolios/4 HTTP/1.1" 200 0
[18/Jan/2026 05:50:42] "OPTIONS /api/portfolios/4 HTTP/1.1" 200 0
[18/Jan/2026 05:50:43] "DELETE /api/portfolios/4 HTTP/1.1" 200 17
[18/Jan/2026 05:50:43] "DELETE /api/portfolios/4 HTTP/1.1" 200 17
[18/Jan/2026 05:51:12] "DELETE /api/portfolios/3 HTTP/1.1" 200 17
[18/Jan/2026 05:51:46] "GET /api/portfolios HTTP/1.1" 200 100
Unauthorized: /api/portfolios
[18/Jan/2026 07:50:51] "GET /api/portfolios HTTP/1.1" 401 26
[18/Jan/2026 07:51:31] "GET /api/portfolios HTTP/1.1" 200 100
[18/Jan/2026 07:51:35] "GET /api/portfolios HTTP/1.1" 200 100
[18/Jan/2026 07:51:40] "OPTIONS /api/portfolios/2 HTTP/1.1" 200 0
[18/Jan/2026 07:51:40] "DELETE /api/portfolios/2 HTTP/1.1" 200 17
[18/Jan/2026 07:51:47] "GET /api/portfolios HTTP/1.1" 200 2
[18/Jan/2026 07:52:00] "GET /api/portfolios HTTP/1.1" 200 2
[18/Jan/2026 07:52:20] "GET /api/portfolios HTTP/1.1" 200 2
[18/Jan/2026 08:32:37] "GET /api/portfolios HTTP/1.1" 200 2
[18/Jan/2026 08:32:44] "GET /api/validate-ticker/KO HTTP/1.1" 200 104
[18/Jan/2026 08:32:49] "GET /api/validate-ticker/AAPL HTTP/1.1" 200 93
[18/Jan/2026 08:32:55] "GET /api/validate-ticker/TSLA HTTP/1.1" 200 94
[18/Jan/2026 08:33:08] "POST /api/portfolios HTTP/1.1" 200 89
[18/Jan/2026 08:33:09] "OPTIONS /api/analyze?period=1Y HTTP/1.1" 200 0
/Users/arun/Desktop/Exposure/backend/api/risk_engine.py:80: FutureWarning: DataFrame.fillna with 'method' is deprecated and will raise in a future version. Use obj.ffill() or obj.bfill() instead.
  df = df.fillna(method='ffill').dropna()
[18/Jan/2026 08:33:12] "POST /api/analyze?period=1Y HTTP/1.1" 200 36853
[18/Jan/2026 08:33:12] "GET /api/scenarios HTTP/1.1" 200 690
[18/Jan/2026 08:33:12] "GET /api/scenarios HTTP/1.1" 200 690
[18/Jan/2026 08:33:12] "POST /api/scenarios/2008_financial_crisis/test?portfolio_value=154260.59997558594 HTTP/1.1" 200 439
[18/Jan/2026 08:33:20] "OPTIONS /api/optimize?period=1Y HTTP/1.1" 200 0
/Users/arun/Desktop/Exposure/backend/api/risk_engine.py:80: FutureWarning: DataFrame.fillna with 'method' is deprecated and will raise in a future version. Use obj.ffill() or obj.bfill() instead.
  df = df.fillna(method='ffill').dropna()
[18/Jan/2026 08:33:21] "POST /api/optimize?period=1Y HTTP/1.1" 200 1749
[18/Jan/2026 08:33:41] "OPTIONS /api/portfolios/5 HTTP/1.1" 200 0
[18/Jan/2026 08:33:41] "PUT /api/portfolios/5 HTTP/1.1" 200 89
[18/Jan/2026 08:33:43] "PUT /api/portfolios/5 HTTP/1.1" 200 89
[18/Jan/2026 08:41:05] "GET /api/portfolios HTTP/1.1" 200 91
[18/Jan/2026 08:41:22] "GET /api/portfolios HTTP/1.1" 200 91
[18/Jan/2026 08:41:23] "GET /api/portfolios/5 HTTP/1.1" 200 288
/Users/arun/Desktop/Exposure/backend/api/risk_engine.py:80: FutureWarning: DataFrame.fillna with 'method' is deprecated and will raise in a future version. Use obj.ffill() or obj.bfill() instead.
  df = df.fillna(method='ffill').dropna()
[18/Jan/2026 08:41:29] "POST /api/analyze?period=1Y HTTP/1.1" 200 36861
[18/Jan/2026 08:41:29] "GET /api/scenarios HTTP/1.1" 200 690
[18/Jan/2026 08:41:29] "GET /api/scenarios HTTP/1.1" 200 690
[18/Jan/2026 08:41:29] "POST /api/scenarios/2008_financial_crisis/test?portfolio_value=154260.59997558594 HTTP/1.1" 200 439
/Users/arun/Desktop/Exposure/backend/api/risk_engine.py:80: FutureWarning: DataFrame.fillna with 'method' is deprecated and will raise in a future version. Use obj.ffill() or obj.bfill() instead.
  df = df.fillna(method='ffill').dropna()
[18/Jan/2026 08:41:37] "POST /api/optimize?period=1Y HTTP/1.1" 200 1744
