
> frontend@0.1.0 dev
> next dev

▲ Next.js 16.1.3 (Turbopack)
- Local:         http://localhost:3000
- Network:       http://192.168.1.83:3000
- Environments: .env.local

✓ Starting...
⚠ The "middleware" file convention is deprecated. Please use "proxy" instead. Learn more: https://nextjs.org/docs/messages/middleware-to-proxy
✓ Ready in 1247ms
 GET /portfolio 200 in 1328ms (compile: 881ms, proxy.ts: 167ms, render: 279ms)
 GET /api/auth/session 200 in 717ms (compile: 699ms, render: 17ms)
 GET /api/auth/session 200 in 8ms (compile: 3ms, render: 5ms)
 GET /portfolio 200 in 89ms (compile: 21ms, proxy.ts: 23ms, render: 45ms)
 GET /api/auth/session 200 in 93ms (compile: 55ms, render: 38ms)
 GET /api/auth/session 200 in 53ms (compile: 19ms, render: 34ms)
 GET /api/auth/session 200 in 39ms (compile: 9ms, render: 30ms)
 GET /api/auth/session 200 in 417ms (compile: 227ms, render: 190ms)
 GET /api/auth/signout 200 in 129ms (compile: 62ms, render: 67ms)
 POST /api/auth/signout 302 in 57ms (compile: 14ms, render: 42ms)
 GET / 200 in 380ms (compile: 167ms, proxy.ts: 25ms, render: 188ms)
 GET /api/auth/session 200 in 16ms (compile: 3ms, render: 12ms)
 GET /api/auth/session 200 in 12ms (compile: 5ms, render: 7ms)
 GET /api/auth/session 200 in 16ms (compile: 7ms, render: 10ms)
 POST / 303 in 863ms (compile: 14ms, proxy.ts: 27ms, render: 822ms)
JWT Callback: Got account google
 GET /api/auth/callback/google?code=4%2F0ASc3gC3i-pm0JoEqUwbmh47sUcB8Z--wD6aWBu-se5sfALHpxF--hUV5f17tJJLY1U1qpQ&scope=email+profile+https%3A%2F%2Fwww.googleapis.com%2Fauth%2Fuserinfo.email+https%3A%2F%2Fwww.googleapis.com%2Fauth%2Fuserinfo.profile+openid&authuser=0&prompt=none 302 in 486ms (compile: 11ms, render: 475ms)
 GET /portfolio 200 in 61ms (compile: 5ms, proxy.ts: 8ms, render: 47ms)
 GET /api/auth/session 200 in 8ms (compile: 3ms, render: 5ms)
 GET /api/auth/session 200 in 5ms (compile: 1085µs, render: 4ms)
 GET /api/auth/session 200 in 6ms (compile: 971µs, render: 5ms)
 GET / 200 in 45ms (compile: 9ms, proxy.ts: 3ms, render: 33ms)
 POST /portfolio 303 in 99ms (compile: 4ms, proxy.ts: 13ms, render: 82ms)
 GET / 200 in 81ms (compile: 12ms, proxy.ts: 7ms, render: 61ms)
 GET /api/auth/session 200 in 229ms (compile: 129ms, render: 100ms)
 GET /api/auth/session 200 in 30ms (compile: 21ms, render: 9ms)
 GET /api/auth/session 200 in 27ms (compile: 6ms, render: 20ms)
 GET /api/auth/session 200 in 93ms (compile: 78ms, render: 15ms)
 POST / 303 in 562ms (compile: 15ms, proxy.ts: 110ms, render: 437ms)
JWT Callback: Got account google
 GET /api/auth/callback/google?code=4%2F0ASc3gC3mytgZHicM1Mar1owYTooDJ4QzBPPt96W5mjij3YMxHta8iTklgylE3DXT9wt1Ng&scope=email+profile+https%3A%2F%2Fwww.googleapis.com%2Fauth%2Fuserinfo.email+https%3A%2F%2Fwww.googleapis.com%2Fauth%2Fuserinfo.profile+openid&authuser=0&prompt=none 302 in 565ms (compile: 19ms, render: 546ms)
 GET /portfolio 200 in 168ms (compile: 7ms, proxy.ts: 11ms, render: 150ms)
 GET /api/auth/session 200 in 18ms (compile: 3ms, render: 14ms)
 GET /api/auth/session 200 in 17ms (compile: 3ms, render: 14ms)
 GET /api/auth/session 200 in 64ms (compile: 5ms, render: 59ms)
 GET /api/auth/session 200 in 11ms (compile: 1721µs, render: 10ms)
 GET /portfolio 200 in 524ms (compile: 58ms, proxy.ts: 313ms, render: 154ms)
 GET /api/auth/session 200 in 157ms (compile: 87ms, render: 70ms)
 GET /api/auth/session 200 in 52ms (compile: 3ms, render: 49ms)
 GET /api/auth/session 200 in 14ms (compile: 3ms, render: 11ms)
 GET /api/auth/session 200 in 53ms (compile: 9ms, render: 44ms)
 GET /api/auth/session 200 in 19ms (compile: 3ms, render: 16ms)
✓ Compiled in 1526ms
 GET /portfolio 200 in 3.0s (compile: 1675ms, proxy.ts: 781ms, render: 542ms)
 GET /api/auth/session 200 in 137ms (compile: 66ms, render: 71ms)
 GET /api/auth/session 200 in 13ms (compile: 4ms, render: 9ms)
 GET /api/auth/session 200 in 34ms (compile: 10ms, render: 24ms)
 GET /portfolio 200 in 444ms (compile: 61ms, proxy.ts: 257ms, render: 127ms)
 GET /api/auth/session 200 in 19ms (compile: 8ms, render: 11ms)
 GET /api/auth/session 200 in 6ms (compile: 1304µs, render: 4ms)
 GET /api/auth/session 200 in 6ms (compile: 921µs, render: 5ms)
 GET / 200 in 50ms (compile: 4ms, proxy.ts: 3ms, render: 44ms)
 POST /portfolio 303 in 223ms (compile: 30ms, proxy.ts: 73ms, render: 121ms)
 POST / 303 in 368ms (compile: 4ms, proxy.ts: 11ms, render: 353ms)
JWT Callback: Got account google
 GET /api/auth/callback/google?code=4%2F0ASc3gC1rngCH7-guYlAmc6xv64-d0XsCL0DCsTsqkrBhubVC9MYqDmyZCIAp6fttO7pdBQ&scope=email+profile+https%3A%2F%2Fwww.googleapis.com%2Fauth%2Fuserinfo.email+https%3A%2F%2Fwww.googleapis.com%2Fauth%2Fuserinfo.profile+openid&authuser=0&prompt=none 302 in 480ms (compile: 12ms, render: 468ms)
 GET /portfolio 200 in 66ms (compile: 3ms, proxy.ts: 7ms, render: 57ms)
 GET /api/auth/session 200 in 6ms (compile: 2ms, render: 4ms)
 GET /api/auth/session 200 in 5ms (compile: 970µs, render: 4ms)
 GET /api/auth/session 200 in 4ms (compile: 894µs, render: 4ms)
 GET / 200 in 23ms (compile: 4ms, proxy.ts: 3ms, render: 16ms)
 POST /portfolio 303 in 76ms (compile: 14ms, proxy.ts: 25ms, render: 38ms)
 POST / 303 in 370ms (compile: 7ms, proxy.ts: 30ms, render: 334ms)
JWT Callback: Got account google
 GET /api/auth/callback/google?code=4%2F0ASc3gC241i-qSf6qW2Bja4yk1A0b3cLLbH1vrKwKOM7zEhqkMmcIS87VzvytQ6_YBJDJrQ&scope=email+profile+https%3A%2F%2Fwww.googleapis.com%2Fauth%2Fuserinfo.email+openid+https%3A%2F%2Fwww.googleapis.com%2Fauth%2Fuserinfo.profile&authuser=0&prompt=none 302 in 428ms (compile: 9ms, render: 419ms)
 GET /portfolio 200 in 54ms (compile: 4ms, proxy.ts: 11ms, render: 38ms)
 GET /api/auth/session 200 in 9ms (compile: 2ms, render: 7ms)
 GET /api/auth/session 200 in 8ms (compile: 1725µs, render: 6ms)
 GET /api/auth/session 200 in 12ms (compile: 5ms, render: 7ms)
 GET /portfolio 200 in 40ms (compile: 3ms, proxy.ts: 5ms, render: 32ms)
 GET /api/auth/session 200 in 7ms (compile: 3ms, render: 4ms)
 GET /api/auth/session 200 in 4ms (compile: 694µs, render: 3ms)
 GET /api/auth/session 200 in 4ms (compile: 783µs, render: 3ms)
 GET /portfolio 200 in 55ms (compile: 3ms, proxy.ts: 16ms, render: 35ms)
 GET /api/auth/session 200 in 7ms (compile: 2ms, render: 4ms)
 GET /api/auth/session 200 in 5ms (compile: 1108µs, render: 4ms)
 GET /api/auth/session 200 in 5ms (compile: 716µs, render: 5ms)
 GET / 200 in 22ms (compile: 1714µs, proxy.ts: 2ms, render: 18ms)
 POST /portfolio 303 in 60ms (compile: 4ms, proxy.ts: 18ms, render: 38ms)
 GET / 200 in 40ms (compile: 2ms, proxy.ts: 3ms, render: 35ms)
 GET /api/auth/session 200 in 5ms (compile: 3ms, render: 2ms)
 GET /api/auth/session 200 in 2ms (compile: 623µs, render: 1524µs)
 GET /api/auth/session 200 in 3ms (compile: 980µs, render: 1602µs)
 POST / 303 in 318ms (compile: 5ms, proxy.ts: 3ms, render: 310ms)
JWT Callback: Got account google
 GET /api/auth/callback/google?code=4%2F0ASc3gC0XwrLJENBpQoh5VwoQi6lE207yao3Y_jw6n_bXoiADfA0U_5hNNMT3i27ogoAaSA&scope=email+profile+https%3A%2F%2Fwww.googleapis.com%2Fauth%2Fuserinfo.profile+https%3A%2F%2Fwww.googleapis.com%2Fauth%2Fuserinfo.email+openid&authuser=0&prompt=none 302 in 461ms (compile: 3ms, render: 458ms)
 GET /portfolio 200 in 31ms (compile: 2ms, proxy.ts: 4ms, render: 24ms)
 GET /api/auth/session 200 in 12ms (compile: 4ms, render: 7ms)
 GET /api/auth/session 200 in 4ms (compile: 855µs, render: 4ms)
 GET /api/auth/session 200 in 6ms (compile: 793µs, render: 5ms)
 GET / 200 in 25ms (compile: 1915µs, proxy.ts: 1656µs, render: 22ms)
 POST /portfolio 303 in 141ms (compile: 28ms, proxy.ts: 52ms, render: 61ms)
 POST / 303 in 328ms (compile: 6ms, proxy.ts: 10ms, render: 312ms)
JWT Callback: Got account google
 GET /api/auth/callback/google?code=4%2F0ASc3gC1CkEFNi_FAqPDO03lq0FFowCSQoo3oDQkiob4Htvr_AU7qgunVRUQ2PbU40B0Ofg&scope=email+profile+https%3A%2F%2Fwww.googleapis.com%2Fauth%2Fuserinfo.email+https%3A%2F%2Fwww.googleapis.com%2Fauth%2Fuserinfo.profile+openid&authuser=0&prompt=none 302 in 551ms (compile: 8ms, render: 543ms)
 GET /portfolio 200 in 66ms (compile: 5ms, proxy.ts: 4ms, render: 56ms)
 GET /api/auth/session 200 in 7ms (compile: 2ms, render: 4ms)
 GET /api/auth/session 200 in 4ms (compile: 887µs, render: 3ms)
 GET /api/auth/session 200 in 8ms (compile: 3ms, render: 5ms)
 GET /portfolio 200 in 52ms (compile: 3ms, proxy.ts: 11ms, render: 38ms)
 GET /api/auth/session 200 in 6ms (compile: 2ms, render: 4ms)
 GET /api/auth/session 200 in 5ms (compile: 1028µs, render: 4ms)
 GET /api/auth/session 200 in 5ms (compile: 920µs, render: 4ms)
 GET / 200 in 22ms (compile: 1808µs, proxy.ts: 3ms, render: 17ms)
 POST /portfolio 303 in 56ms (compile: 3ms, proxy.ts: 16ms, render: 36ms)
✓ Compiled in 1228ms
 GET / 200 in 1753ms (compile: 1133ms, proxy.ts: 179ms, render: 441ms)
 GET / 200 in 108ms (compile: 10ms, proxy.ts: 11ms, render: 88ms)
 GET / 200 in 100ms (compile: 33ms, proxy.ts: 3ms, render: 65ms)
 GET / 200 in 52ms (compile: 6ms, proxy.ts: 9ms, render: 37ms)
 GET / 200 in 281ms (compile: 1687µs, proxy.ts: 4ms, render: 276ms)
 GET /api/auth/session 200 in 186ms (compile: 170ms, render: 15ms)
 GET /api/auth/session 200 in 6ms (compile: 1126µs, render: 5ms)
 GET /api/auth/session 200 in 3ms (compile: 853µs, render: 3ms)
 POST / 303 in 439ms (compile: 19ms, proxy.ts: 27ms, render: 392ms)
JWT Callback: Got account google
 GET /api/auth/callback/google?code=4%2F0ASc3gC1o60mT1EWFOIlBTDJqyRaKQeKcCP6IGvPwqvAdq4KxCvmlVUsleIJE7rjJfGZteQ&scope=email+profile+https%3A%2F%2Fwww.googleapis.com%2Fauth%2Fuserinfo.profile+https%3A%2F%2Fwww.googleapis.com%2Fauth%2Fuserinfo.email+openid&authuser=0&prompt=consent 302 in 714ms (compile: 12ms, render: 702ms)
 GET /portfolio 200 in 644ms (compile: 118ms, proxy.ts: 5ms, render: 521ms)
 GET /api/auth/session 200 in 15ms (compile: 7ms, render: 7ms)
 GET /api/auth/session 200 in 9ms (compile: 1444µs, render: 8ms)
 GET /api/auth/session 200 in 7ms (compile: 1025µs, render: 6ms)
✓ Compiled in 1750ms
 GET /portfolio 200 in 1721ms (compile: 1494ms, proxy.ts: 6ms, render: 222ms)
 GET /portfolio 200 in 2.1s (compile: 1629ms, proxy.ts: 278ms, render: 160ms)
 GET /portfolio 200 in 294ms (compile: 9ms, proxy.ts: 49ms, render: 237ms)
 GET /portfolio 200 in 298ms (compile: 32ms, proxy.ts: 48ms, render: 218ms)
 GET /portfolio 200 in 342ms (compile: 9ms, proxy.ts: 66ms, render: 267ms)
 GET /portfolio 200 in 342ms (compile: 64ms, proxy.ts: 66ms, render: 211ms)
 GET /portfolio 200 in 1217ms (compile: 17ms, proxy.ts: 83ms, render: 1116ms)
 GET /portfolio 200 in 1965ms (compile: 58ms, proxy.ts: 72ms, render: 1835ms)
 GET /portfolio 200 in 2.9s (compile: 2ms, proxy.ts: 42ms, render: 2.8s)
✓ Compiled in 7ms
 GET /portfolio 404 in 6.1s (compile: 4.1s, proxy.ts: 1021ms, render: 1019ms)
 GET /portfolio 200 in 2.1s (compile: 271ms, proxy.ts: 554ms, render: 1257ms)
 GET /portfolio 200 in 1212ms (compile: 19ms, proxy.ts: 1029ms, render: 164ms)
 GET /portfolio 200 in 1712ms (compile: 42ms, proxy.ts: 437ms, render: 1233ms)
 GET /api/auth/session 200 in 215ms (compile: 189ms, render: 26ms)
 GET /api/auth/session 200 in 28ms (compile: 5ms, render: 23ms)
 GET /api/auth/session 200 in 18ms (compile: 3ms, render: 15ms)
 GET /api/auth/session 200 in 11ms (compile: 2ms, render: 8ms)
 GET /api/auth/session 200 in 10ms (compile: 1547µs, render: 8ms)
 GET /portfolio 200 in 110ms (compile: 8ms, proxy.ts: 30ms, render: 72ms)
 GET /api/auth/session 200 in 9ms (compile: 3ms, render: 6ms)
 GET /api/auth/session 200 in 8ms (compile: 1003µs, render: 7ms)
 GET /api/auth/session 200 in 9ms (compile: 1146µs, render: 8ms)
✓ Compiled in 676ms
 GET /portfolio 200 in 2.6s (compile: 1269ms, proxy.ts: 1094ms, render: 242ms)
 GET /portfolio 200 in 191ms (compile: 4ms, proxy.ts: 44ms, render: 143ms)
 GET /portfolio 200 in 376ms (compile: 5ms, proxy.ts: 54ms, render: 317ms)
 GET /portfolio 200 in 335ms (compile: 18ms, proxy.ts: 143ms, render: 174ms)
 GET /portfolio 200 in 149ms (compile: 7ms, proxy.ts: 29ms, render: 112ms)
 GET /portfolio 200 in 934ms (compile: 8ms, proxy.ts: 39ms, render: 887ms)
 GET /portfolio 200 in 863ms (compile: 129ms, proxy.ts: 605ms, render: 129ms)
 GET /portfolio 200 in 260ms (compile: 15ms, proxy.ts: 38ms, render: 207ms)
 GET /portfolio 200 in 213ms (compile: 8ms, proxy.ts: 86ms, render: 120ms)
 GET /portfolio 200 in 105ms (compile: 2ms, proxy.ts: 56ms, render: 46ms)
 GET /portfolio 200 in 60ms (compile: 5ms, proxy.ts: 13ms, render: 42ms)
 GET /portfolio 200 in 38ms (compile: 1894µs, proxy.ts: 15ms, render: 21ms)
✓ Finished filesystem cache database compaction in 13.8s
 GET /portfolio 200 in 742ms (compile: 585ms, proxy.ts: 57ms, render: 100ms)
 GET /portfolio 200 in 1144ms (compile: 982ms, proxy.ts: 28ms, render: 134ms)
 GET /portfolio 200 in 144ms (compile: 26ms, proxy.ts: 49ms, render: 69ms)
 GET /portfolio 200 in 106ms (compile: 3ms, proxy.ts: 11ms, render: 92ms)
 GET /portfolio 200 in 132ms (compile: 3ms, proxy.ts: 29ms, render: 100ms)
 GET /portfolio 200 in 76ms (compile: 24ms, proxy.ts: 27ms, render: 25ms)
 GET /about 200 in 2.1s (compile: 2.1s, proxy.ts: 19ms, render: 16ms)
 GET /privacy 200 in 377ms (compile: 317ms, proxy.ts: 26ms, render: 34ms)
 GET /contact 200 in 421ms (compile: 358ms, proxy.ts: 34ms, render: 29ms)
 GET / 200 in 864ms (compile: 760ms, proxy.ts: 4ms, render: 100ms)
 POST /contact 303 in 1142ms (compile: 11ms, proxy.ts: 48ms, render: 1083ms)
 GET / 200 in 1551ms (compile: 720ms, proxy.ts: 33ms, render: 798ms)
 GET / 200 in 474ms (compile: 16ms, proxy.ts: 8ms, render: 451ms)
 GET / 200 in 478ms (compile: 152ms, proxy.ts: 9ms, render: 317ms)
 GET / 200 in 310ms (compile: 24ms, proxy.ts: 16ms, render: 270ms)
 GET / 200 in 320ms (compile: 32ms, proxy.ts: 22ms, render: 266ms)
 GET / 200 in 295ms (compile: 10ms, proxy.ts: 17ms, render: 268ms)
 GET / 200 in 240ms (compile: 12ms, proxy.ts: 6ms, render: 222ms)
 GET / 200 in 554ms (compile: 6ms, proxy.ts: 60ms, render: 488ms)
 GET / 200 in 697ms (compile: 29ms, proxy.ts: 4ms, render: 664ms)
 GET / 200 in 662ms (compile: 4ms, proxy.ts: 10ms, render: 648ms)
 GET / 200 in 653ms (compile: 24ms, proxy.ts: 2ms, render: 626ms)
 GET / 200 in 622ms (compile: 8ms, proxy.ts: 5ms, render: 609ms)
 GET / 200 in 598ms (compile: 3ms, proxy.ts: 4ms, render: 592ms)
 GET / 200 in 39ms (compile: 4ms, proxy.ts: 3ms, render: 32ms)
 GET /api/auth/session 200 in 23ms (compile: 10ms, render: 14ms)
 GET /api/auth/session 200 in 6ms (compile: 994µs, render: 5ms)
 GET /api/auth/session 200 in 5ms (compile: 1300µs, render: 4ms)
✓ Compiled in 84ms
 GET / 200 in 904ms (compile: 572ms, proxy.ts: 37ms, render: 295ms)
 GET / 200 in 255ms (compile: 9ms, proxy.ts: 30ms, render: 217ms)
 GET / 200 in 316ms (compile: 9ms, proxy.ts: 7ms, render: 300ms)
 GET / 200 in 497ms (compile: 7ms, proxy.ts: 6ms, render: 484ms)
 GET / 200 in 643ms (compile: 3ms, proxy.ts: 12ms, render: 627ms)
 GET / 200 in 632ms (compile: 11ms, proxy.ts: 23ms, render: 597ms)
 GET / 200 in 534ms (compile: 14ms, proxy.ts: 34ms, render: 485ms)
 GET / 200 in 498ms (compile: 22ms, proxy.ts: 27ms, render: 449ms)
 GET / 200 in 284ms (compile: 12ms, proxy.ts: 9ms, render: 262ms)
 GET / 200 in 253ms (compile: 23ms, proxy.ts: 23ms, render: 206ms)
 GET / 200 in 167ms (compile: 9ms, proxy.ts: 10ms, render: 148ms)
 GET / 200 in 123ms (compile: 10ms, proxy.ts: 14ms, render: 100ms)
 GET /contact 200 in 283ms (compile: 203ms, proxy.ts: 22ms, render: 58ms)
 GET / 200 in 1200ms (compile: 134ms, proxy.ts: 191ms, render: 875ms)
 GET /api/auth/session 200 in 227ms (compile: 83ms, render: 144ms)
 GET /api/auth/session 200 in 7ms (compile: 3ms, render: 4ms)
 GET /api/auth/session 200 in 20ms (compile: 2ms, render: 17ms)
✓ Compiled in 1804ms
✓ Compiled in 199ms
✓ Compiled in 1217ms
⨯ ReferenceError: HeroSection is not defined
    at Home (app/page.tsx:8:8)
   6 |   return (
   7 |     <div className="bg-slate-950 min-h-screen">
>  8 |       <HeroSection />
     |        ^
   9 |       <BentoGrid />
  10 |
  11 |       {/* Social Proof / Trust (Simple Footer addon) */} {
  digest: '1404349171'
}
✓ Compiled in 0ms
 GET / 200 in 2.1s (compile: 1558ms, proxy.ts: 121ms, render: 431ms)
 GET / 404 in 1694ms (compile: 305ms, proxy.ts: 79ms, render: 1309ms)
 GET / 200 in 1150ms (compile: 135ms, proxy.ts: 10ms, render: 1005ms)
 GET / 200 in 849ms (compile: 315ms, proxy.ts: 169ms, render: 365ms)
 GET / 200 in 882ms (compile: 131ms, proxy.ts: 184ms, render: 567ms)
 GET /api/auth/session 200 in 17ms (compile: 10ms, render: 7ms)
 GET /api/auth/session 200 in 4ms (compile: 1108µs, render: 3ms)
 GET /api/auth/session 200 in 3ms (compile: 1188µs, render: 2ms)
✓ Compiled in 2.5s
✓ Compiled in 77ms
 GET / 200 in 1194ms (compile: 180ms, proxy.ts: 542ms, render: 472ms)
 GET /api/auth/session 200 in 256ms (compile: 84ms, render: 173ms)
 GET /api/auth/session 200 in 19ms (compile: 8ms, render: 10ms)
 GET /api/auth/session 200 in 28ms (compile: 5ms, render: 23ms)
✓ Compiled in 749ms
✓ Compiled in 585ms
✓ Compiled in 228ms
 GET / 200 in 3.2s (compile: 2.4s, proxy.ts: 373ms, render: 364ms)
 GET / 200 in 1123ms (compile: 97ms, proxy.ts: 216ms, render: 810ms)
 GET /api/auth/session 200 in 292ms (compile: 124ms, render: 168ms)
 GET /api/auth/session 200 in 80ms (compile: 71ms, render: 9ms)
 GET /api/auth/session 200 in 5ms (compile: 3ms, render: 3ms)
 GET / 200 in 1401ms (compile: 177ms, proxy.ts: 388ms, render: 837ms)
 GET /api/auth/session 200 in 82ms (compile: 39ms, render: 44ms)
 GET /api/auth/session 200 in 17ms (compile: 4ms, render: 13ms)
 GET /api/auth/session 200 in 7ms (compile: 3ms, render: 4ms)
✓ Compiled in 283ms
✓ Compiled in 493ms
 GET / 200 in 5.1s (compile: 3.6s, proxy.ts: 708ms, render: 794ms)
 GET /api/auth/session 200 in 542ms (compile: 186ms, render: 356ms)
 GET /api/auth/session 200 in 45ms (compile: 33ms, render: 12ms)
 GET /api/auth/session 200 in 11ms (compile: 2ms, render: 8ms)
 GET /api/auth/session 200 in 28ms (compile: 18ms, render: 10ms)
 GET / 200 in 913ms (compile: 95ms, proxy.ts: 311ms, render: 507ms)
 GET /api/auth/session 200 in 183ms (compile: 102ms, render: 80ms)
 GET /api/auth/session 200 in 14ms (compile: 3ms, render: 11ms)
 GET /api/auth/session 200 in 6ms (compile: 1579µs, render: 4ms)
 GET /api/auth/session 200 in 4ms (compile: 1375µs, render: 3ms)
✓ Compiled in 929ms
✓ Compiled in 11ms
 GET / 200 in 3.5s (compile: 2.4s, proxy.ts: 100ms, render: 1034ms)
 GET / 200 in 888ms (compile: 342ms, proxy.ts: 28ms, render: 518ms)
 GET / 200 in 782ms (compile: 48ms, proxy.ts: 31ms, render: 702ms)
 GET / 200 in 967ms (compile: 31ms, proxy.ts: 51ms, render: 885ms)
 GET / 200 in 867ms (compile: 10ms, proxy.ts: 6ms, render: 851ms)
 GET / 200 in 672ms (compile: 88ms, proxy.ts: 116ms, render: 467ms)
 GET / 200 in 191ms (compile: 12ms, proxy.ts: 100ms, render: 79ms)
 GET / 200 in 133ms (compile: 20ms, proxy.ts: 13ms, render: 99ms)
 GET / 200 in 100ms (compile: 4ms, proxy.ts: 7ms, render: 89ms)
 GET / 200 in 162ms (compile: 5ms, proxy.ts: 5ms, render: 152ms)
 GET / 200 in 225ms (compile: 5ms, proxy.ts: 11ms, render: 209ms)
 GET / 200 in 224ms (compile: 4ms, proxy.ts: 4ms, render: 217ms)
 GET / 200 in 248ms (compile: 2ms, proxy.ts: 12ms, render: 235ms)
 GET / 200 in 511ms (compile: 10ms, proxy.ts: 111ms, render: 389ms)
 GET / 200 in 466ms (compile: 6ms, proxy.ts: 10ms, render: 450ms)
 GET / 200 in 439ms (compile: 206ms, proxy.ts: 6ms, render: 227ms)
 GET / 200 in 148ms (compile: 11ms, proxy.ts: 15ms, render: 122ms)
 GET / 200 in 75ms (compile: 7ms, proxy.ts: 37ms, render: 31ms)
 GET / 200 in 1393ms (compile: 149ms, proxy.ts: 130ms, render: 1114ms)
 GET /api/auth/session 200 in 154ms (compile: 78ms, render: 76ms)
 GET /api/auth/session 200 in 11ms (compile: 4ms, render: 7ms)
 GET /api/auth/session 200 in 11ms (compile: 3ms, render: 8ms)
 GET /api/auth/session 200 in 17ms (compile: 1223µs, render: 16ms)
 GET /api/auth/session 200 in 5ms (compile: 1192µs, render: 3ms)
 POST / 303 in 737ms (compile: 47ms, proxy.ts: 131ms, render: 559ms)
JWT Callback: Got account google
 GET /api/auth/callback/google?code=4%2F0ASc3gC2rIp0yoQVs5Y4cW0IpuLwRnC-LS7G7gz4kl_0XcKjuXAOS0K9THSHqoacgAFT3YA&scope=email+profile+https%3A%2F%2Fwww.googleapis.com%2Fauth%2Fuserinfo.profile+https%3A%2F%2Fwww.googleapis.com%2Fauth%2Fuserinfo.email+openid&authuser=0&prompt=consent 302 in 1120ms (compile: 64ms, render: 1056ms)
 GET /portfolio 200 in 3.5s (compile: 1124ms, proxy.ts: 43ms, render: 2.3s)
 GET /api/auth/session 200 in 16ms (compile: 7ms, render: 9ms)
 GET /api/auth/session 200 in 12ms (compile: 3ms, render: 8ms)
 GET / 200 in 36ms (compile: 5ms, proxy.ts: 3ms, render: 28ms)
 POST /portfolio 303 in 176ms (compile: 35ms, proxy.ts: 69ms, render: 72ms)
 POST / 303 in 498ms (compile: 42ms, proxy.ts: 59ms, render: 397ms)
JWT Callback: Got account google
 GET /api/auth/callback/google?code=4%2F0ASc3gC2-XDlMKQYeyvHz0pUxMWKGDpYE1J2TckmB59HaGnFl2XhQo-Wxu2xENMFe5rHq9A&scope=email+profile+https%3A%2F%2Fwww.googleapis.com%2Fauth%2Fuserinfo.profile+https%3A%2F%2Fwww.googleapis.com%2Fauth%2Fuserinfo.email+openid&authuser=0&prompt=consent 302 in 717ms (compile: 23ms, render: 694ms)
 GET /portfolio 200 in 134ms (compile: 7ms, proxy.ts: 8ms, render: 118ms)
 GET /api/auth/session 200 in 16ms (compile: 3ms, render: 13ms)
 GET /api/auth/session 200 in 10ms (compile: 1853µs, render: 8ms)
[?25h
